Grammar

    0 $accept: WsiString $end

    1 WsiString: Objects

    2 Objects: Object
    3        | Objects Object

    4 Object: Preambula ObjectContent
    5       | Preambula CObjectContent Objects CObjectEnd
    6       | Preambula CObjectContent CObjectEnd
    7       | ObjArrayHeader '[' Objects ']'
    8       | ObjArrayHeader '[' Attributes Objects ']'
    9       | ObjArrayHeader '[' Values ']'
   10       | ObjArrayHeader '[' ']'

   11 ObjArrayHeader: '=' Header

   12 CObjectContent: '$' ObjectContent

   13 CObjectEnd: '$'
   14           | '$' Number

   15 ObjectContent: Header
   16              | Header Attributes

   17 Attributes: Attribute
   18           | Attributes Attribute

   19 Header: NUid
   20       | NUid ':' Number

   21 NUid: Name
   22     | Name '@' Number

   23 Attribute: Uid '=' Value
   24          | Uid '=' '{' Values '}'

   25 Uid: Name
   26    | Name '@' Number

   27 Values: Value
   28       | Values Value

   29 Value: Number
   30      | SignedNumber
   31      | FloatNumber
   32      | Name
   33      | GeneralString


Terminals, with rules where they appear

$end (0) 0
'$' (36) 12 13 14
':' (58) 20
'=' (61) 11 23 24
'@' (64) 22 26
'[' (91) 7 8 9 10
']' (93) 7 8 9 10
'{' (123) 24
'}' (125) 24
error (256)
Preambula (258) 4 5 6
Number (259) 14 20 22 26 29
SignedNumber (260) 30
FloatNumber (261) 31
Name (262) 21 22 25 26 32
GeneralString (263) 33


Nonterminals, with rules where they appear

$accept (17)
    on left: 0
WsiString (18)
    on left: 1, on right: 0
Objects (19)
    on left: 2 3, on right: 1 3 5 7 8
Object (20)
    on left: 4 5 6 7 8 9 10, on right: 2 3
ObjArrayHeader (21)
    on left: 11, on right: 7 8 9 10
CObjectContent (22)
    on left: 12, on right: 5 6
CObjectEnd (23)
    on left: 13 14, on right: 5 6
ObjectContent (24)
    on left: 15 16, on right: 4 12
Attributes (25)
    on left: 17 18, on right: 8 16 18
Header (26)
    on left: 19 20, on right: 11 15 16
NUid (27)
    on left: 21 22, on right: 19 20
Attribute (28)
    on left: 23 24, on right: 17 18
Uid (29)
    on left: 25 26, on right: 23 24
Values (30)
    on left: 27 28, on right: 9 24 28
Value (31)
    on left: 29 30 31 32 33, on right: 23 27 28


state 0

    0 $accept: . WsiString $end

    Preambula  shift, and go to state 1
    '='        shift, and go to state 2

    WsiString       go to state 3
    Objects         go to state 4
    Object          go to state 5
    ObjArrayHeader  go to state 6


state 1

    4 Object: Preambula . ObjectContent
    5       | Preambula . CObjectContent Objects CObjectEnd
    6       | Preambula . CObjectContent CObjectEnd

    Name  shift, and go to state 7
    '$'   shift, and go to state 8

    CObjectContent  go to state 9
    ObjectContent   go to state 10
    Header          go to state 11
    NUid            go to state 12


state 2

   11 ObjArrayHeader: '=' . Header

    Name  shift, and go to state 7

    Header  go to state 13
    NUid    go to state 12


state 3

    0 $accept: WsiString . $end

    $end  shift, and go to state 14


state 4

    1 WsiString: Objects .
    3 Objects: Objects . Object

    Preambula  shift, and go to state 1
    '='        shift, and go to state 2

    $default  reduce using rule 1 (WsiString)

    Object          go to state 15
    ObjArrayHeader  go to state 6


state 5

    2 Objects: Object .

    $default  reduce using rule 2 (Objects)


state 6

    7 Object: ObjArrayHeader . '[' Objects ']'
    8       | ObjArrayHeader . '[' Attributes Objects ']'
    9       | ObjArrayHeader . '[' Values ']'
   10       | ObjArrayHeader . '[' ']'

    '['  shift, and go to state 16


state 7

   21 NUid: Name .
   22     | Name . '@' Number

    '@'  shift, and go to state 17

    $default  reduce using rule 21 (NUid)


state 8

   12 CObjectContent: '$' . ObjectContent

    Name  shift, and go to state 7

    ObjectContent  go to state 18
    Header         go to state 11
    NUid           go to state 12


state 9

    5 Object: Preambula CObjectContent . Objects CObjectEnd
    6       | Preambula CObjectContent . CObjectEnd

    Preambula  shift, and go to state 1
    '='        shift, and go to state 2
    '$'        shift, and go to state 19

    Objects         go to state 20
    Object          go to state 5
    ObjArrayHeader  go to state 6
    CObjectEnd      go to state 21


state 10

    4 Object: Preambula ObjectContent .

    $default  reduce using rule 4 (Object)


state 11

   15 ObjectContent: Header .
   16              | Header . Attributes

    Name  shift, and go to state 22

    $default  reduce using rule 15 (ObjectContent)

    Attributes  go to state 23
    Attribute   go to state 24
    Uid         go to state 25


state 12

   19 Header: NUid .
   20       | NUid . ':' Number

    ':'  shift, and go to state 26

    $default  reduce using rule 19 (Header)


state 13

   11 ObjArrayHeader: '=' Header .

    $default  reduce using rule 11 (ObjArrayHeader)


state 14

    0 $accept: WsiString $end .

    $default  accept


state 15

    3 Objects: Objects Object .

    $default  reduce using rule 3 (Objects)


state 16

    7 Object: ObjArrayHeader '[' . Objects ']'
    8       | ObjArrayHeader '[' . Attributes Objects ']'
    9       | ObjArrayHeader '[' . Values ']'
   10       | ObjArrayHeader '[' . ']'

    Preambula      shift, and go to state 1
    Number         shift, and go to state 27
    SignedNumber   shift, and go to state 28
    FloatNumber    shift, and go to state 29
    Name           shift, and go to state 30
    GeneralString  shift, and go to state 31
    ']'            shift, and go to state 32
    '='            shift, and go to state 2

    Objects         go to state 33
    Object          go to state 5
    ObjArrayHeader  go to state 6
    Attributes      go to state 34
    Attribute       go to state 24
    Uid             go to state 25
    Values          go to state 35
    Value           go to state 36


state 17

   22 NUid: Name '@' . Number

    Number  shift, and go to state 37


state 18

   12 CObjectContent: '$' ObjectContent .

    $default  reduce using rule 12 (CObjectContent)


state 19

   13 CObjectEnd: '$' .
   14           | '$' . Number

    Number  shift, and go to state 38

    $default  reduce using rule 13 (CObjectEnd)


state 20

    3 Objects: Objects . Object
    5 Object: Preambula CObjectContent Objects . CObjectEnd

    Preambula  shift, and go to state 1
    '='        shift, and go to state 2
    '$'        shift, and go to state 19

    Object          go to state 15
    ObjArrayHeader  go to state 6
    CObjectEnd      go to state 39


state 21

    6 Object: Preambula CObjectContent CObjectEnd .

    $default  reduce using rule 6 (Object)


state 22

   25 Uid: Name .
   26    | Name . '@' Number

    '@'  shift, and go to state 40

    $default  reduce using rule 25 (Uid)


state 23

   16 ObjectContent: Header Attributes .
   18 Attributes: Attributes . Attribute

    Name  shift, and go to state 22

    $default  reduce using rule 16 (ObjectContent)

    Attribute  go to state 41
    Uid        go to state 25


state 24

   17 Attributes: Attribute .

    $default  reduce using rule 17 (Attributes)


state 25

   23 Attribute: Uid . '=' Value
   24          | Uid . '=' '{' Values '}'

    '='  shift, and go to state 42


state 26

   20 Header: NUid ':' . Number

    Number  shift, and go to state 43


state 27

   29 Value: Number .

    $default  reduce using rule 29 (Value)


state 28

   30 Value: SignedNumber .

    $default  reduce using rule 30 (Value)


state 29

   31 Value: FloatNumber .

    $default  reduce using rule 31 (Value)


state 30

   25 Uid: Name .
   26    | Name . '@' Number
   32 Value: Name .

    '@'  shift, and go to state 40

    '='       reduce using rule 25 (Uid)
    $default  reduce using rule 32 (Value)


state 31

   33 Value: GeneralString .

    $default  reduce using rule 33 (Value)


state 32

   10 Object: ObjArrayHeader '[' ']' .

    $default  reduce using rule 10 (Object)


state 33

    3 Objects: Objects . Object
    7 Object: ObjArrayHeader '[' Objects . ']'

    Preambula  shift, and go to state 1
    ']'        shift, and go to state 44
    '='        shift, and go to state 2

    Object          go to state 15
    ObjArrayHeader  go to state 6


state 34

    8 Object: ObjArrayHeader '[' Attributes . Objects ']'
   18 Attributes: Attributes . Attribute

    Preambula  shift, and go to state 1
    Name       shift, and go to state 22
    '='        shift, and go to state 2

    Objects         go to state 45
    Object          go to state 5
    ObjArrayHeader  go to state 6
    Attribute       go to state 41
    Uid             go to state 25


state 35

    9 Object: ObjArrayHeader '[' Values . ']'
   28 Values: Values . Value

    Number         shift, and go to state 27
    SignedNumber   shift, and go to state 28
    FloatNumber    shift, and go to state 29
    Name           shift, and go to state 46
    GeneralString  shift, and go to state 31
    ']'            shift, and go to state 47

    Value  go to state 48


state 36

   27 Values: Value .

    $default  reduce using rule 27 (Values)


state 37

   22 NUid: Name '@' Number .

    $default  reduce using rule 22 (NUid)


state 38

   14 CObjectEnd: '$' Number .

    $default  reduce using rule 14 (CObjectEnd)


state 39

    5 Object: Preambula CObjectContent Objects CObjectEnd .

    $default  reduce using rule 5 (Object)


state 40

   26 Uid: Name '@' . Number

    Number  shift, and go to state 49


state 41

   18 Attributes: Attributes Attribute .

    $default  reduce using rule 18 (Attributes)


state 42

   23 Attribute: Uid '=' . Value
   24          | Uid '=' . '{' Values '}'

    Number         shift, and go to state 27
    SignedNumber   shift, and go to state 28
    FloatNumber    shift, and go to state 29
    Name           shift, and go to state 46
    GeneralString  shift, and go to state 31
    '{'            shift, and go to state 50

    Value  go to state 51


state 43

   20 Header: NUid ':' Number .

    $default  reduce using rule 20 (Header)


state 44

    7 Object: ObjArrayHeader '[' Objects ']' .

    $default  reduce using rule 7 (Object)


state 45

    3 Objects: Objects . Object
    8 Object: ObjArrayHeader '[' Attributes Objects . ']'

    Preambula  shift, and go to state 1
    ']'        shift, and go to state 52
    '='        shift, and go to state 2

    Object          go to state 15
    ObjArrayHeader  go to state 6


state 46

   32 Value: Name .

    $default  reduce using rule 32 (Value)


state 47

    9 Object: ObjArrayHeader '[' Values ']' .

    $default  reduce using rule 9 (Object)


state 48

   28 Values: Values Value .

    $default  reduce using rule 28 (Values)


state 49

   26 Uid: Name '@' Number .

    $default  reduce using rule 26 (Uid)


state 50

   24 Attribute: Uid '=' '{' . Values '}'

    Number         shift, and go to state 27
    SignedNumber   shift, and go to state 28
    FloatNumber    shift, and go to state 29
    Name           shift, and go to state 46
    GeneralString  shift, and go to state 31

    Values  go to state 53
    Value   go to state 36


state 51

   23 Attribute: Uid '=' Value .

    $default  reduce using rule 23 (Attribute)


state 52

    8 Object: ObjArrayHeader '[' Attributes Objects ']' .

    $default  reduce using rule 8 (Object)


state 53

   24 Attribute: Uid '=' '{' Values . '}'
   28 Values: Values . Value

    Number         shift, and go to state 27
    SignedNumber   shift, and go to state 28
    FloatNumber    shift, and go to state 29
    Name           shift, and go to state 46
    GeneralString  shift, and go to state 31
    '}'            shift, and go to state 54

    Value  go to state 48


state 54

   24 Attribute: Uid '=' '{' Values '}' .

    $default  reduce using rule 24 (Attribute)
