Grammar

    0 $accept: JsonString $end

    1 JsonString: '{' '}'
    2           | '{' Elements '}'

    3 Elements: Element
    4         | Elements ',' Element

    5 Element: ElementName '}'
    6        | ElementName Attributes '}'

    7 ElementName: Name ':' '{'

    8 ObjectContent: ObjectContentBegin '}'
    9              | ObjectContentBegin Attributes '}'

   10 ObjectContentBegin: '{'

   11 ObjectArrayContent: ObjectContent
   12                   | ObjectArrayContent ',' ObjectContent

   13 ValueArrayContent: Value
   14                  | ValueArrayContent ',' Value
   15                  | error

   16 Attribute: Name ':' Value
   17          | AttributeArrayName ']'
   18          | AttributeArrayName ValueArrayContent ']'
   19          | AttributeArrayName ObjectArrayContent ']'

   20 AttributeArrayName: Name ':' '['

   21 Attributes: Attribute
   22           | Element
   23           | Attributes ',' Attribute
   24           | Attributes ',' Element
   25           | error

   26 Value: GeneralString
   27      | Word
   28      | Number
   29      | SignedNumber
   30      | FloatNumber
   31      | NumberExp Number
   32      | FloatNumberExp Number
   33      | true_token
   34      | false_token
   35      | null_token

   36 Name: GeneralString
   37     | Word
   38     | Number
   39     | Number Word


Terminals, with rules where they appear

$end (0) 0
',' (44) 4 12 14 23 24
':' (58) 7 16 20
'[' (91) 20
']' (93) 17 18 19
'{' (123) 1 2 7 10
'}' (125) 1 2 5 6 8 9
error (256) 15 25
Number (258) 28 31 32 38 39
SignedNumber (259) 29
FloatNumber (260) 30
NumberExp (261) 31
FloatNumberExp (262) 32
true_token (263) 33
false_token (264) 34
null_token (265) 35
Word (266) 27 37 39
GeneralString (267) 26 36


Nonterminals, with rules where they appear

$accept (19)
    on left: 0
JsonString (20)
    on left: 1 2, on right: 0
Elements (21)
    on left: 3 4, on right: 2 4
Element (22)
    on left: 5 6, on right: 3 4 22 24
ElementName (23)
    on left: 7, on right: 5 6
ObjectContent (24)
    on left: 8 9, on right: 11 12
ObjectContentBegin (25)
    on left: 10, on right: 8 9
ObjectArrayContent (26)
    on left: 11 12, on right: 12 19
ValueArrayContent (27)
    on left: 13 14 15, on right: 14 18
Attribute (28)
    on left: 16 17 18 19, on right: 21 23
AttributeArrayName (29)
    on left: 20, on right: 17 18 19
Attributes (30)
    on left: 21 22 23 24 25, on right: 6 9 23 24
Value (31)
    on left: 26 27 28 29 30 31 32 33 34 35, on right: 13 14 16
Name (32)
    on left: 36 37 38 39, on right: 7 16 20


state 0

    0 $accept: . JsonString $end

    '{'  shift, and go to state 1

    JsonString  go to state 2


state 1

    1 JsonString: '{' . '}'
    2           | '{' . Elements '}'

    Number         shift, and go to state 3
    Word           shift, and go to state 4
    GeneralString  shift, and go to state 5
    '}'            shift, and go to state 6

    Elements     go to state 7
    Element      go to state 8
    ElementName  go to state 9
    Name         go to state 10


state 2

    0 $accept: JsonString . $end

    $end  shift, and go to state 11


state 3

   38 Name: Number .
   39     | Number . Word

    Word  shift, and go to state 12

    $default  reduce using rule 38 (Name)


state 4

   37 Name: Word .

    $default  reduce using rule 37 (Name)


state 5

   36 Name: GeneralString .

    $default  reduce using rule 36 (Name)


state 6

    1 JsonString: '{' '}' .

    $default  reduce using rule 1 (JsonString)


state 7

    2 JsonString: '{' Elements . '}'
    4 Elements: Elements . ',' Element

    '}'  shift, and go to state 13
    ','  shift, and go to state 14


state 8

    3 Elements: Element .

    $default  reduce using rule 3 (Elements)


state 9

    5 Element: ElementName . '}'
    6        | ElementName . Attributes '}'

    error          shift, and go to state 15
    Number         shift, and go to state 3
    Word           shift, and go to state 4
    GeneralString  shift, and go to state 5
    '}'            shift, and go to state 16

    Element             go to state 17
    ElementName         go to state 9
    Attribute           go to state 18
    AttributeArrayName  go to state 19
    Attributes          go to state 20
    Name                go to state 21


state 10

    7 ElementName: Name . ':' '{'

    ':'  shift, and go to state 22


state 11

    0 $accept: JsonString $end .

    $default  accept


state 12

   39 Name: Number Word .

    $default  reduce using rule 39 (Name)


state 13

    2 JsonString: '{' Elements '}' .

    $default  reduce using rule 2 (JsonString)


state 14

    4 Elements: Elements ',' . Element

    Number         shift, and go to state 3
    Word           shift, and go to state 4
    GeneralString  shift, and go to state 5

    Element      go to state 23
    ElementName  go to state 9
    Name         go to state 10


state 15

   25 Attributes: error .

    $default  reduce using rule 25 (Attributes)


state 16

    5 Element: ElementName '}' .

    $default  reduce using rule 5 (Element)


state 17

   22 Attributes: Element .

    $default  reduce using rule 22 (Attributes)


state 18

   21 Attributes: Attribute .

    $default  reduce using rule 21 (Attributes)


state 19

   17 Attribute: AttributeArrayName . ']'
   18          | AttributeArrayName . ValueArrayContent ']'
   19          | AttributeArrayName . ObjectArrayContent ']'

    error           shift, and go to state 24
    Number          shift, and go to state 25
    SignedNumber    shift, and go to state 26
    FloatNumber     shift, and go to state 27
    NumberExp       shift, and go to state 28
    FloatNumberExp  shift, and go to state 29
    true_token      shift, and go to state 30
    false_token     shift, and go to state 31
    null_token      shift, and go to state 32
    Word            shift, and go to state 33
    GeneralString   shift, and go to state 34
    '{'             shift, and go to state 35
    ']'             shift, and go to state 36

    ObjectContent       go to state 37
    ObjectContentBegin  go to state 38
    ObjectArrayContent  go to state 39
    ValueArrayContent   go to state 40
    Value               go to state 41


state 20

    6 Element: ElementName Attributes . '}'
   23 Attributes: Attributes . ',' Attribute
   24           | Attributes . ',' Element

    '}'  shift, and go to state 42
    ','  shift, and go to state 43


state 21

    7 ElementName: Name . ':' '{'
   16 Attribute: Name . ':' Value
   20 AttributeArrayName: Name . ':' '['

    ':'  shift, and go to state 44


state 22

    7 ElementName: Name ':' . '{'

    '{'  shift, and go to state 45


state 23

    4 Elements: Elements ',' Element .

    $default  reduce using rule 4 (Elements)


state 24

   15 ValueArrayContent: error .

    $default  reduce using rule 15 (ValueArrayContent)


state 25

   28 Value: Number .

    $default  reduce using rule 28 (Value)


state 26

   29 Value: SignedNumber .

    $default  reduce using rule 29 (Value)


state 27

   30 Value: FloatNumber .

    $default  reduce using rule 30 (Value)


state 28

   31 Value: NumberExp . Number

    Number  shift, and go to state 46


state 29

   32 Value: FloatNumberExp . Number

    Number  shift, and go to state 47


state 30

   33 Value: true_token .

    $default  reduce using rule 33 (Value)


state 31

   34 Value: false_token .

    $default  reduce using rule 34 (Value)


state 32

   35 Value: null_token .

    $default  reduce using rule 35 (Value)


state 33

   27 Value: Word .

    $default  reduce using rule 27 (Value)


state 34

   26 Value: GeneralString .

    $default  reduce using rule 26 (Value)


state 35

   10 ObjectContentBegin: '{' .

    $default  reduce using rule 10 (ObjectContentBegin)


state 36

   17 Attribute: AttributeArrayName ']' .

    $default  reduce using rule 17 (Attribute)


state 37

   11 ObjectArrayContent: ObjectContent .

    $default  reduce using rule 11 (ObjectArrayContent)


state 38

    8 ObjectContent: ObjectContentBegin . '}'
    9              | ObjectContentBegin . Attributes '}'

    error          shift, and go to state 15
    Number         shift, and go to state 3
    Word           shift, and go to state 4
    GeneralString  shift, and go to state 5
    '}'            shift, and go to state 48

    Element             go to state 17
    ElementName         go to state 9
    Attribute           go to state 18
    AttributeArrayName  go to state 19
    Attributes          go to state 49
    Name                go to state 21


state 39

   12 ObjectArrayContent: ObjectArrayContent . ',' ObjectContent
   19 Attribute: AttributeArrayName ObjectArrayContent . ']'

    ','  shift, and go to state 50
    ']'  shift, and go to state 51


state 40

   14 ValueArrayContent: ValueArrayContent . ',' Value
   18 Attribute: AttributeArrayName ValueArrayContent . ']'

    ','  shift, and go to state 52
    ']'  shift, and go to state 53


state 41

   13 ValueArrayContent: Value .

    $default  reduce using rule 13 (ValueArrayContent)


state 42

    6 Element: ElementName Attributes '}' .

    $default  reduce using rule 6 (Element)


state 43

   23 Attributes: Attributes ',' . Attribute
   24           | Attributes ',' . Element

    Number         shift, and go to state 3
    Word           shift, and go to state 4
    GeneralString  shift, and go to state 5

    Element             go to state 54
    ElementName         go to state 9
    Attribute           go to state 55
    AttributeArrayName  go to state 19
    Name                go to state 21


state 44

    7 ElementName: Name ':' . '{'
   16 Attribute: Name ':' . Value
   20 AttributeArrayName: Name ':' . '['

    Number          shift, and go to state 25
    SignedNumber    shift, and go to state 26
    FloatNumber     shift, and go to state 27
    NumberExp       shift, and go to state 28
    FloatNumberExp  shift, and go to state 29
    true_token      shift, and go to state 30
    false_token     shift, and go to state 31
    null_token      shift, and go to state 32
    Word            shift, and go to state 33
    GeneralString   shift, and go to state 34
    '{'             shift, and go to state 45
    '['             shift, and go to state 56

    Value  go to state 57


state 45

    7 ElementName: Name ':' '{' .

    $default  reduce using rule 7 (ElementName)


state 46

   31 Value: NumberExp Number .

    $default  reduce using rule 31 (Value)


state 47

   32 Value: FloatNumberExp Number .

    $default  reduce using rule 32 (Value)


state 48

    8 ObjectContent: ObjectContentBegin '}' .

    $default  reduce using rule 8 (ObjectContent)


state 49

    9 ObjectContent: ObjectContentBegin Attributes . '}'
   23 Attributes: Attributes . ',' Attribute
   24           | Attributes . ',' Element

    '}'  shift, and go to state 58
    ','  shift, and go to state 43


state 50

   12 ObjectArrayContent: ObjectArrayContent ',' . ObjectContent

    '{'  shift, and go to state 35

    ObjectContent       go to state 59
    ObjectContentBegin  go to state 38


state 51

   19 Attribute: AttributeArrayName ObjectArrayContent ']' .

    $default  reduce using rule 19 (Attribute)


state 52

   14 ValueArrayContent: ValueArrayContent ',' . Value

    Number          shift, and go to state 25
    SignedNumber    shift, and go to state 26
    FloatNumber     shift, and go to state 27
    NumberExp       shift, and go to state 28
    FloatNumberExp  shift, and go to state 29
    true_token      shift, and go to state 30
    false_token     shift, and go to state 31
    null_token      shift, and go to state 32
    Word            shift, and go to state 33
    GeneralString   shift, and go to state 34

    Value  go to state 60


state 53

   18 Attribute: AttributeArrayName ValueArrayContent ']' .

    $default  reduce using rule 18 (Attribute)


state 54

   24 Attributes: Attributes ',' Element .

    $default  reduce using rule 24 (Attributes)


state 55

   23 Attributes: Attributes ',' Attribute .

    $default  reduce using rule 23 (Attributes)


state 56

   20 AttributeArrayName: Name ':' '[' .

    $default  reduce using rule 20 (AttributeArrayName)


state 57

   16 Attribute: Name ':' Value .

    $default  reduce using rule 16 (Attribute)


state 58

    9 ObjectContent: ObjectContentBegin Attributes '}' .

    $default  reduce using rule 9 (ObjectContent)


state 59

   12 ObjectArrayContent: ObjectArrayContent ',' ObjectContent .

    $default  reduce using rule 12 (ObjectArrayContent)


state 60

   14 ValueArrayContent: ValueArrayContent ',' Value .

    $default  reduce using rule 14 (ValueArrayContent)
