Grammar

    0 $accept: WsiString $end

    1 WsiString: Objects

    2 Objects: Object
    3        | Objects Object

    4 Object: Preambula ObjectContent
    5       | Preambula CObjectContent Objects CObjectEnd
    6       | Preambula CObjectContent CObjectEnd

    7 CObjectContent: '$' ObjectContent

    8 CObjectEnd: '$'
    9           | '$' Number

   10 ObjectContent: Header
   11              | Header Attributes

   12 Attributes: Attribute
   13           | Attributes Attribute
   14           | error

   15 Header: Uid
   16       | Uid ':' Number
   17       | error

   18 Attribute: Uid '=' Value
   19          | Uid '=' '{' Values '}'

   20 Uid: Name
   21    | Name '@' Number

   22 Values: Value
   23       | Values Value

   24 Value: Number
   25      | SignedNumber
   26      | FloatNumber
   27      | Name
   28      | GeneralString


Terminals, with rules where they appear

$end (0) 0
'$' (36) 7 8 9
':' (58) 16
'=' (61) 18 19
'@' (64) 21
'{' (123) 19
'}' (125) 19
error (256) 14 17
Preambula (258) 4 5 6
Number (259) 9 16 21 24
SignedNumber (260) 25
FloatNumber (261) 26
Name (262) 20 21 27
GeneralString (263) 28


Nonterminals, with rules where they appear

$accept (15)
    on left: 0
WsiString (16)
    on left: 1, on right: 0
Objects (17)
    on left: 2 3, on right: 1 3 5
Object (18)
    on left: 4 5 6, on right: 2 3
CObjectContent (19)
    on left: 7, on right: 5 6
CObjectEnd (20)
    on left: 8 9, on right: 5 6
ObjectContent (21)
    on left: 10 11, on right: 4 7
Attributes (22)
    on left: 12 13 14, on right: 11 13
Header (23)
    on left: 15 16 17, on right: 10 11
Attribute (24)
    on left: 18 19, on right: 12 13
Uid (25)
    on left: 20 21, on right: 15 16 18 19
Values (26)
    on left: 22 23, on right: 19 23
Value (27)
    on left: 24 25 26 27 28, on right: 18 22 23


state 0

    0 $accept: . WsiString $end

    Preambula  shift, and go to state 1

    WsiString  go to state 2
    Objects    go to state 3
    Object     go to state 4


state 1

    4 Object: Preambula . ObjectContent
    5       | Preambula . CObjectContent Objects CObjectEnd
    6       | Preambula . CObjectContent CObjectEnd

    error  shift, and go to state 5
    Name   shift, and go to state 6
    '$'    shift, and go to state 7

    CObjectContent  go to state 8
    ObjectContent   go to state 9
    Header          go to state 10
    Uid             go to state 11


state 2

    0 $accept: WsiString . $end

    $end  shift, and go to state 12


state 3

    1 WsiString: Objects .
    3 Objects: Objects . Object

    Preambula  shift, and go to state 1

    $default  reduce using rule 1 (WsiString)

    Object  go to state 13


state 4

    2 Objects: Object .

    $default  reduce using rule 2 (Objects)


state 5

   17 Header: error .

    $default  reduce using rule 17 (Header)


state 6

   20 Uid: Name .
   21    | Name . '@' Number

    '@'  shift, and go to state 14

    $default  reduce using rule 20 (Uid)


state 7

    7 CObjectContent: '$' . ObjectContent

    error  shift, and go to state 5
    Name   shift, and go to state 6

    ObjectContent  go to state 15
    Header         go to state 10
    Uid            go to state 11


state 8

    5 Object: Preambula CObjectContent . Objects CObjectEnd
    6       | Preambula CObjectContent . CObjectEnd

    Preambula  shift, and go to state 1
    '$'        shift, and go to state 16

    Objects     go to state 17
    Object      go to state 4
    CObjectEnd  go to state 18


state 9

    4 Object: Preambula ObjectContent .

    $default  reduce using rule 4 (Object)


state 10

   10 ObjectContent: Header .
   11              | Header . Attributes

    error  shift, and go to state 19
    Name   shift, and go to state 6

    $end       reduce using rule 10 (ObjectContent)
    Preambula  reduce using rule 10 (ObjectContent)
    '$'        reduce using rule 10 (ObjectContent)

    Attributes  go to state 20
    Attribute   go to state 21
    Uid         go to state 22


state 11

   15 Header: Uid .
   16       | Uid . ':' Number

    ':'  shift, and go to state 23

    $default  reduce using rule 15 (Header)


state 12

    0 $accept: WsiString $end .

    $default  accept


state 13

    3 Objects: Objects Object .

    $default  reduce using rule 3 (Objects)


state 14

   21 Uid: Name '@' . Number

    Number  shift, and go to state 24


state 15

    7 CObjectContent: '$' ObjectContent .

    $default  reduce using rule 7 (CObjectContent)


state 16

    8 CObjectEnd: '$' .
    9           | '$' . Number

    Number  shift, and go to state 25

    $default  reduce using rule 8 (CObjectEnd)


state 17

    3 Objects: Objects . Object
    5 Object: Preambula CObjectContent Objects . CObjectEnd

    Preambula  shift, and go to state 1
    '$'        shift, and go to state 16

    Object      go to state 13
    CObjectEnd  go to state 26


state 18

    6 Object: Preambula CObjectContent CObjectEnd .

    $default  reduce using rule 6 (Object)


state 19

   14 Attributes: error .

    $default  reduce using rule 14 (Attributes)


state 20

   11 ObjectContent: Header Attributes .
   13 Attributes: Attributes . Attribute

    Name  shift, and go to state 6

    $default  reduce using rule 11 (ObjectContent)

    Attribute  go to state 27
    Uid        go to state 22


state 21

   12 Attributes: Attribute .

    $default  reduce using rule 12 (Attributes)


state 22

   18 Attribute: Uid . '=' Value
   19          | Uid . '=' '{' Values '}'

    '='  shift, and go to state 28


state 23

   16 Header: Uid ':' . Number

    Number  shift, and go to state 29


state 24

   21 Uid: Name '@' Number .

    $default  reduce using rule 21 (Uid)


state 25

    9 CObjectEnd: '$' Number .

    $default  reduce using rule 9 (CObjectEnd)


state 26

    5 Object: Preambula CObjectContent Objects CObjectEnd .

    $default  reduce using rule 5 (Object)


state 27

   13 Attributes: Attributes Attribute .

    $default  reduce using rule 13 (Attributes)


state 28

   18 Attribute: Uid '=' . Value
   19          | Uid '=' . '{' Values '}'

    Number         shift, and go to state 30
    SignedNumber   shift, and go to state 31
    FloatNumber    shift, and go to state 32
    Name           shift, and go to state 33
    GeneralString  shift, and go to state 34
    '{'            shift, and go to state 35

    Value  go to state 36


state 29

   16 Header: Uid ':' Number .

    $default  reduce using rule 16 (Header)


state 30

   24 Value: Number .

    $default  reduce using rule 24 (Value)


state 31

   25 Value: SignedNumber .

    $default  reduce using rule 25 (Value)


state 32

   26 Value: FloatNumber .

    $default  reduce using rule 26 (Value)


state 33

   27 Value: Name .

    $default  reduce using rule 27 (Value)


state 34

   28 Value: GeneralString .

    $default  reduce using rule 28 (Value)


state 35

   19 Attribute: Uid '=' '{' . Values '}'

    Number         shift, and go to state 30
    SignedNumber   shift, and go to state 31
    FloatNumber    shift, and go to state 32
    Name           shift, and go to state 33
    GeneralString  shift, and go to state 34

    Values  go to state 37
    Value   go to state 38


state 36

   18 Attribute: Uid '=' Value .

    $default  reduce using rule 18 (Attribute)


state 37

   19 Attribute: Uid '=' '{' Values . '}'
   23 Values: Values . Value

    Number         shift, and go to state 30
    SignedNumber   shift, and go to state 31
    FloatNumber    shift, and go to state 32
    Name           shift, and go to state 33
    GeneralString  shift, and go to state 34
    '}'            shift, and go to state 39

    Value  go to state 40


state 38

   22 Values: Value .

    $default  reduce using rule 22 (Values)


state 39

   19 Attribute: Uid '=' '{' Values '}' .

    $default  reduce using rule 19 (Attribute)


state 40

   23 Values: Values Value .

    $default  reduce using rule 23 (Values)
